 
****************************************
Report : area
Design : SelectTopK
Version: O-2018.06
Date   : Tue Mar 17 12:04:54 2026
****************************************

Library(s) Used:

    slow (File: /home/B11130007/Desktop/DSP-In-VLSI/lib/slow.db)

Number of ports:                          972
Number of nets:                          2850
Number of cells:                         2019
Number of combinational cells:           1690
Number of sequential cells:               308
Number of macros/black boxes:               0
Number of buf/inv:                        460
Number of references:                     104

Combinational area:               8925.134554
Buf/Inv area:                     1563.609634
Noncombinational area:            5646.211288
Macro/Black Box area:                0.000000
Net Interconnect area:          229274.501495

Total cell area:                 14571.345843
Total area:                     243845.847338
1
