 
****************************************
Report : area
Design : SelectTopK_1
Version: O-2018.06
Date   : Thu Mar 12 00:19:56 2026
****************************************

Library(s) Used:

    slow (File: /home/B11130007/Desktop/DSP-In-VLSI/lib/slow.db)

Number of ports:                         1120
Number of nets:                          4631
Number of cells:                         3565
Number of combinational cells:           3197
Number of sequential cells:               343
Number of macros/black boxes:               0
Number of buf/inv:                       1706
Number of references:                     129

Combinational area:              14741.395447
Buf/Inv area:                     5788.036901
Noncombinational area:            5877.648118
Macro/Black Box area:                0.000000
Net Interconnect area:          356955.132385

Total cell area:                 20619.043565
Total area:                     377574.175950
1
