 
****************************************
Report : area
Design : SelectTopK
Version: O-2018.06
Date   : Tue Mar 17 12:04:54 2026
****************************************

Library(s) Used:

    slow (File: /home/B11130007/Desktop/DSP-In-VLSI/lib/slow.db)

Number of ports:                          972
Number of nets:                          2850
Number of cells:                         2019
Number of combinational cells:           1690
Number of sequential cells:               308
Number of macros/black boxes:               0
Number of buf/inv:                        460
Number of references:                     104

Combinational area:               8925.134554
Buf/Inv area:                     1563.609634
Noncombinational area:            5646.211288
Macro/Black Box area:                0.000000
Net Interconnect area:          229274.501495

Total cell area:                 14571.345843
Total area:                     243845.847338

Hierarchical area distribution
------------------------------

                                  Global cell area           Local cell area
                                  -------------------  ---------------------------- 
Hierarchical cell                 Absolute    Percent  Combi-     Noncombi-  Black-
                                  Total       Total    national   national   boxes   Design
--------------------------------  ----------  -------  ---------  ---------  ------  ---------
SelectTopK                        14571.3458    100.0  3235.1761  3485.6640  0.0000  SelectTopK
BitonicSorter                      7850.5057     53.9    21.8736  2160.5472  0.0000  Sort8
BitonicSorter/Stage1_0              338.6880      2.3   338.6880     0.0000  0.0000  CAS_23
BitonicSorter/Stage1_1              335.1600      2.3   335.1600     0.0000  0.0000  CAS_22
BitonicSorter/Stage1_2              352.8000      2.4   352.8000     0.0000  0.0000  CAS_21
BitonicSorter/Stage1_3              336.5712      2.3   336.5712     0.0000  0.0000  CAS_20
BitonicSorter/Stage2_0              330.9264      2.3   330.9264     0.0000  0.0000  CAS_19
BitonicSorter/Stage2_1              282.2400      1.9   282.2400     0.0000  0.0000  CAS_18
BitonicSorter/Stage2_2              275.1840      1.9   275.1840     0.0000  0.0000  CAS_17
BitonicSorter/Stage2_3              278.7120      1.9   278.7120     0.0000  0.0000  CAS_16
BitonicSorter/Stage3_0              332.3376      2.3   332.3376     0.0000  0.0000  CAS_15
BitonicSorter/Stage3_1              304.1136      2.1   304.1136     0.0000  0.0000  CAS_14
BitonicSorter/Stage3_2              281.5344      1.9   281.5344     0.0000  0.0000  CAS_13
BitonicSorter/Stage3_3              270.9504      1.9   270.9504     0.0000  0.0000  CAS_12
BitonicSorter/Stage4_0              155.9376      1.1   155.9376     0.0000  0.0000  CAS_11
BitonicSorter/Stage4_1              157.3488      1.1   157.3488     0.0000  0.0000  CAS_10
BitonicSorter/Stage4_2              179.9280      1.2   179.9280     0.0000  0.0000  CAS_9
BitonicSorter/Stage4_3              175.6944      1.2   175.6944     0.0000  0.0000  CAS_8
BitonicSorter/Stage5_0              347.8608      2.4   347.8608     0.0000  0.0000  CAS_7
BitonicSorter/Stage5_1              371.1456      2.5   371.1456     0.0000  0.0000  CAS_6
BitonicSorter/Stage6_0              372.5568      2.6   372.5568     0.0000  0.0000  CAS_3
BitonicSorter/Stage6_1              188.3952      1.3   188.3952     0.0000  0.0000  CAS_2
--------------------------------  ----------  -------  ---------  ---------  ------  ---------
Total                                                  8925.1346  5646.2113  0.0000

1
