Information: Updating design information... (UID-85)
Information: Propagating switching activity (low effort zero delay simulation). (PWR-6)
Warning: Design has unannotated primary inputs. (PWR-414)
Warning: Design has unannotated sequential cell outputs. (PWR-415)
 
****************************************
Report : power
        -analysis_effort low
Design : SelectTopK
Version: O-2018.06
Date   : Tue Mar 17 12:04:54 2026
****************************************


Library(s) Used:

    slow (File: /home/B11130007/Desktop/DSP-In-VLSI/lib/slow.db)


Operating Conditions: slow   Library: slow
Wire Load Model Mode: top

Design        Wire Load Model            Library
------------------------------------------------
SelectTopK             tsmc090_wl10      slow


Global Operating Voltage = 0.9  
Power-specific unit information :
    Voltage Units = 1V
    Capacitance Units = 1.000000pf
    Time Units = 1ns
    Dynamic Power Units = 1mW    (derived from V,C,T units)
    Leakage Power Units = 1pW


  Cell Internal Power  =   1.8124 mW   (68%)
  Net Switching Power  = 833.4667 uW   (32%)
                         ---------
Total Dynamic Power    =   2.6458 mW  (100%)

Cell Leakage Power     =  68.2232 uW


                 Internal         Switching           Leakage            Total
Power Group      Power            Power               Power              Power   (   %    )  Attrs
--------------------------------------------------------------------------------------------------
io_pad             0.0000            0.0000            0.0000            0.0000  (   0.00%)
memory             0.0000            0.0000            0.0000            0.0000  (   0.00%)
black_box          0.0000            0.0000            0.0000            0.0000  (   0.00%)
clock_network      0.0000            0.0000            0.0000            0.0000  (   0.00%)
register           1.6166            0.1048        1.6648e+07            1.7380  (  64.04%)
sequential         0.0000            0.0000            0.0000            0.0000  (   0.00%)
combinational      0.1957            0.7287        5.1575e+07            0.9760  (  35.96%)
--------------------------------------------------------------------------------------------------
Total              1.8124 mW         0.8335 mW     6.8223e+07 pW         2.7141 mW
1
