 
****************************************
Report : power
        -analysis_effort low
Design : SelectTopK_1
Version: O-2018.06
Date   : Thu Mar 12 00:19:56 2026
****************************************


Library(s) Used:

    slow (File: /home/B11130007/Desktop/DSP-In-VLSI/lib/slow.db)


Operating Conditions: slow   Library: slow
Wire Load Model Mode: top

Design        Wire Load Model            Library
------------------------------------------------
SelectTopK_1           tsmc090_wl10      slow


Global Operating Voltage = 0.9  
Power-specific unit information :
    Voltage Units = 1V
    Capacitance Units = 1.000000pf
    Time Units = 1ns
    Dynamic Power Units = 1mW    (derived from V,C,T units)
    Leakage Power Units = 1pW


  Cell Internal Power  =   1.3339 mW   (57%)
  Net Switching Power  = 994.9656 uW   (43%)
                         ---------
Total Dynamic Power    =   2.3288 mW  (100%)

Cell Leakage Power     =  93.8919 uW


                 Internal         Switching           Leakage            Total
Power Group      Power            Power               Power              Power   (   %    )  Attrs
--------------------------------------------------------------------------------------------------
io_pad             0.0000            0.0000            0.0000            0.0000  (   0.00%)
memory             0.0000            0.0000            0.0000            0.0000  (   0.00%)
black_box          0.0000            0.0000            0.0000            0.0000  (   0.00%)
clock_network      0.0000            0.0000            0.0000            0.0000  (   0.00%)
register           1.0759        7.8614e-02        1.5883e+07            1.1704  (  48.31%)
sequential         0.0000            0.0000            0.0000            0.0000  (   0.00%)
combinational      0.2580            0.9164        7.8009e+07            1.2523  (  51.69%)
--------------------------------------------------------------------------------------------------
Total              1.3339 mW         0.9950 mW     9.3892e+07 pW         2.4227 mW
1
